Date: Wed Sep 26 2018 21:41:28 GMT+0300 (Moscow Standard Time)
Url: /api/comments/create
Body: {"id":1537987288210,"articleId":3,"text":"Выход новой OS от ребят из Купертино.","date":"25-10-2018","author":"Macsic.ml"}
=============================================================== 
Date: Wed Sep 26 2018 21:41:44 GMT+0300 (Moscow Standard Time)
Url: /api/comments/create
Body: {"id":1537987304512,"articleId":3,"text":"Выход новой OS от ребят из Купертино.","date":"25-10-2018","author":"Macsic.ml"}
=============================================================== 
Date: Wed Sep 26 2018 21:42:46 GMT+0300 (Moscow Standard Time)
Url: /api/comments/create
Body: {"id":1537987366167,"articleId":2,"text":"Выход новой OS от ребят из Купертино.","date":"25-10-2018","author":"Macsic.ml"}
=============================================================== 
Date: Wed Sep 26 2018 21:43:23 GMT+0300 (Moscow Standard Time)
Url: /api/articles/readall
Body: {"id":7,"title":"sdtring","text":"string","date":"15-10-2017","author":"string","comments":[]}
=============================================================== 
Date: Wed Sep 26 2018 23:04:07 GMT+0300 (Moscow Standard Time)
Url: null
Body: "/api/articles/readall"
=============================================================== 
Date: Wed Sep 26 2018 23:21:13 GMT+0300 (Moscow Standard Time)
Url: null
Body: "/api/articles/readall"
=============================================================== 
Date: Wed Sep 26 2018 23:22:35 GMT+0300 (Moscow Standard Time)
Url: null
Body: "/api/articles/readall"
=============================================================== 
Date: Wed Sep 26 2018 23:24:02 GMT+0300 (Moscow Standard Time)
Url: null
Body: "/api/articles/readall"
=============================================================== 
Date: Wed Sep 26 2018 23:24:58 GMT+0300 (Moscow Standard Time)
Url: null
Body: "/api/articles/readall"
=============================================================== 
Date: Wed Sep 26 2018 23:27:07 GMT+0300 (Moscow Standard Time)
Url: null
Body: "/api/articles/readall"
=============================================================== 
Date: Wed Sep 26 2018 23:28:15 GMT+0300 (Moscow Standard Time)
Url: null
Body: "/api/articles/readall"
=============================================================== 
Date: Wed Sep 26 2018 23:28:56 GMT+0300 (Moscow Standard Time)
Url: null
Body: "/api/articles/readall"
=============================================================== 
Date: Wed Sep 26 2018 23:30:19 GMT+0300 (Moscow Standard Time)
Url: null
Body: "/api/articles/readall"
=============================================================== 
Date: Wed Sep 26 2018 23:30:42 GMT+0300 (Moscow Standard Time)
Url: null
Body: "/api/articles/readall"
=============================================================== 
Date: Wed Sep 26 2018 23:30:52 GMT+0300 (Moscow Standard Time)
Url: null
Body: "/api/articles/readall"
=============================================================== 
Date: Wed Sep 26 2018 23:31:25 GMT+0300 (Moscow Standard Time)
Url: null
Body: "/api/articles/readall"
=============================================================== 
Date: Thu Sep 27 2018 09:51:43 GMT+0300 (Moscow Standard Time)
Url: null
Body: "/api/articles/readall"
=============================================================== 
Date: Thu Sep 27 2018 09:52:01 GMT+0300 (Moscow Standard Time)
Url: null
Body: "/api/articles/readall"
=============================================================== 
Date: Thu Sep 27 2018 09:52:14 GMT+0300 (Moscow Standard Time)
Url: null
Body: "/api/articles/readall"
=============================================================== 
Date: Thu Sep 27 2018 09:52:22 GMT+0300 (Moscow Standard Time)
Url: null
Body: "/api/articles/readall"
=============================================================== 
Date: Thu Sep 27 2018 09:52:35 GMT+0300 (Moscow Standard Time)
Url: null
Body: "/api/articles/readall"
=============================================================== 
Date: Thu Sep 27 2018 09:52:44 GMT+0300 (Moscow Standard Time)
Url: null
Body: "/api/articles/readall"
=============================================================== 
Date: Thu Sep 27 2018 09:54:04 GMT+0300 (Moscow Standard Time)
Url: null
Body: "/api/articles/readall"
=============================================================== 
Date: Thu Sep 27 2018 09:54:13 GMT+0300 (Moscow Standard Time)
Url: null
Body: "/api/articles/readall"
=============================================================== 
Date: Thu Sep 27 2018 09:55:59 GMT+0300 (Moscow Standard Time)
Url: null
Body: "/api/articles/readall"
=============================================================== 
Date: Thu Sep 27 2018 09:56:08 GMT+0300 (Moscow Standard Time)
Url: null
Body: "/api/articles/readall"
=============================================================== 
Date: Thu Sep 27 2018 09:56:17 GMT+0300 (Moscow Standard Time)
Url: null
Body: "/api/articles/readall"
=============================================================== 
Date: Thu Sep 27 2018 09:56:43 GMT+0300 (Moscow Standard Time)
Url: null
Body: "/api/articles/readall"
=============================================================== 
Date: Thu Sep 27 2018 09:56:48 GMT+0300 (Moscow Standard Time)
Url: null
Body: "/api/articles/readall"
=============================================================== 
Date: Thu Sep 27 2018 09:57:04 GMT+0300 (Moscow Standard Time)
Url: null
Body: "/api/articles/readall"
=============================================================== 
Date: Thu Sep 27 2018 09:57:20 GMT+0300 (Moscow Standard Time)
Url: null
Body: "/api/articles/readall"
=============================================================== 
Date: Thu Sep 27 2018 09:57:28 GMT+0300 (Moscow Standard Time)
Url: null
Body: "/api/articles/readall"
=============================================================== 
Date: Thu Sep 27 2018 09:57:46 GMT+0300 (Moscow Standard Time)
Url: null
Body: "/api/articles/readall"
=============================================================== 
Date: Thu Sep 27 2018 09:57:52 GMT+0300 (Moscow Standard Time)
Url: null
Body: "/api/articles/readall"
=============================================================== 
Date: Thu Sep 27 2018 09:57:56 GMT+0300 (Moscow Standard Time)
Url: null
Body: "/api/articles/readall"
=============================================================== 
Date: Thu Sep 27 2018 09:58:04 GMT+0300 (Moscow Standard Time)
Url: null
Body: "/api/articles/readall"
=============================================================== 
Date: Thu Sep 27 2018 09:58:13 GMT+0300 (Moscow Standard Time)
Url: null
Body: "/api/articles/readall"
=============================================================== 
Date: Thu Sep 27 2018 09:58:24 GMT+0300 (Moscow Standard Time)
Url: null
Body: "/api/articles/readall"
=============================================================== 
Date: Thu Sep 27 2018 09:58:58 GMT+0300 (Moscow Standard Time)
Url: null
Body: "/api/articles/readall"
=============================================================== 
Date: Thu Sep 27 2018 10:15:10 GMT+0300 (Moscow Standard Time)
Url: null
Body: "/api/articles/readall"
=============================================================== 
Date: Thu Sep 27 2018 10:29:05 GMT+0300 (Moscow Standard Time)
Url: null
Body: "/api/articles/readall"
=============================================================== 
Date: Thu Sep 27 2018 10:59:17 GMT+0300 (Moscow Standard Time)
Url: null
Body: "/api/articles/readall"
=============================================================== 
Date: Thu Sep 27 2018 11:09:27 GMT+0300 (Moscow Standard Time)
Url: null
Body: "/api/articles/readall"
=============================================================== 
Date: Thu Sep 27 2018 11:13:49 GMT+0300 (Moscow Standard Time)
Url: null
Body: "/api/articles/readall"
=============================================================== 
Date: Wed Oct 03 2018 16:02:06 GMT+0300 (Moscow Standard Time)
Url: null
Body: "/api/articles/readall"
=============================================================== 
Date: Wed Oct 03 2018 16:04:16 GMT+0300 (Moscow Standard Time)
Url: null
Body: "/api/articles/readall"
=============================================================== 
Date: Wed Oct 03 2018 16:07:30 GMT+0300 (Moscow Standard Time)
Url: null
Body: "/api/articles/readall"
=============================================================== 
Date: Wed Oct 03 2018 16:07:49 GMT+0300 (Moscow Standard Time)
Url: null
Body: "/api/articles/readall"
=============================================================== 
Date: Wed Oct 03 2018 16:12:48 GMT+0300 (Moscow Standard Time)
Url: null
Body: "/api/articles/readall"
=============================================================== 
Date: Wed Oct 03 2018 16:18:20 GMT+0300 (Moscow Standard Time)
Url: null
Body: "/api/articles/readall"
=============================================================== 
Date: Wed Oct 03 2018 16:25:31 GMT+0300 (Moscow Standard Time)
Url: null
Body: "/api/articles/readall"
=============================================================== 
Date: Wed Oct 03 2018 16:29:28 GMT+0300 (Moscow Standard Time)
Url: null
Body: "/api/articles/readall"
=============================================================== 
Date: Wed Oct 03 2018 16:29:49 GMT+0300 (Moscow Standard Time)
Url: null
Body: "/api/articles/readall"
=============================================================== 
Date: Wed Oct 03 2018 16:44:15 GMT+0300 (Moscow Standard Time)
Url: null
Body: "/api/articles/readall"
=============================================================== 
Date: Wed Oct 03 2018 16:50:35 GMT+0300 (Moscow Standard Time)
Url: null
Body: "/api/articles/readall"
=============================================================== 
Date: Wed Oct 03 2018 16:50:51 GMT+0300 (Moscow Standard Time)
Url: null
Body: "/api/articles/readall"
=============================================================== 
Date: Wed Oct 03 2018 16:52:10 GMT+0300 (Moscow Standard Time)
Url: null
Body: "/api/articles/readall"
=============================================================== 
Date: Wed Oct 03 2018 16:56:16 GMT+0300 (Moscow Standard Time)
Url: null
Body: "/api/articles/readall"
=============================================================== 
Date: Wed Oct 03 2018 16:56:26 GMT+0300 (Moscow Standard Time)
Url: null
Body: "/api/articles/readall"
=============================================================== 
Date: Wed Oct 03 2018 16:56:56 GMT+0300 (Moscow Standard Time)
Url: null
Body: "/api/articles/readall"
=============================================================== 
Date: Wed Oct 03 2018 16:57:09 GMT+0300 (Moscow Standard Time)
Url: null
Body: "/api/articles/readall"
=============================================================== 
